<?xml version="1.0" encoding="UTF-8"?>
<!-- Generated by org.testng.reporters.JUnitReportReporter -->
<testsuite skipped="0" hostname="DESKTOP-FQ6DBEN" name="com.training.sanity.tests.studentloginmsgtests" tests="1" failures="0" timestamp="14 Jan 2019 05:30:39 GMT" time="13.981" errors="0">
  <testcase name="validstudentloginmsgTests" time="13.981" classname="com.training.sanity.tests.studentloginmsgtests"/>
</testsuite> <!-- com.training.sanity.tests.studentloginmsgtests -->
