<?xml version="1.0" encoding="UTF-8"?>
<!-- Generated by org.testng.reporters.JUnitReportReporter -->
<testsuite skipped="0" hostname="DESKTOP-FQ6DBEN" name="com.training.sanity.tests.RegistrationTests" tests="1" failures="0" timestamp="14 Jan 2019 05:28:38 GMT" time="17.350" errors="0">
  <testcase name="validRegistrationTests" time="17.350" classname="com.training.sanity.tests.RegistrationTests"/>
</testsuite> <!-- com.training.sanity.tests.RegistrationTests -->
