<?xml version="1.0" encoding="UTF-8"?>
<!-- Generated by org.testng.reporters.JUnitReportReporter -->
<testsuite skipped="0" hostname="DESKTOP-FQ6DBEN" name="com.training.sanity.tests.Regasteachertests" tests="1" failures="0" timestamp="14 Jan 2019 10:57:40 GMT" time="23.734" errors="0">
  <testcase name="validReasteachertests" time="23.734" classname="com.training.sanity.tests.Regasteachertests"/>
</testsuite> <!-- com.training.sanity.tests.Regasteachertests -->
