<?xml version="1.0" encoding="UTF-8"?>
<!-- Generated by org.testng.reporters.JUnitReportReporter -->
<testsuite skipped="0" hostname="DESKTOP-FQ6DBEN" name="com.training.sanity.tests.Recoverpwdtests" tests="1" failures="0" timestamp="14 Jan 2019 11:28:55 GMT" time="16.128" errors="0">
  <testcase name="validRecoverpwdtests" time="16.128" classname="com.training.sanity.tests.Recoverpwdtests"/>
</testsuite> <!-- com.training.sanity.tests.Recoverpwdtests -->
